<?xml version="1.0" encoding="UTF-8"?>
<testng-results ignored="0" total="1" passed="1" failed="0" skipped="0">
  <reporter-output>
  </reporter-output>
  <suite started-at="2024-08-07T19:45:43 IST" name="Default suite" finished-at="2024-08-07T19:45:57 IST" duration-ms="14665">
    <groups>
    </groups>
    <test started-at="2024-08-07T19:45:43 IST" name="Default test" finished-at="2024-08-07T19:45:57 IST" duration-ms="14665">
      <class name="IrfanChoudhury.ExtentReport.ExtentReportDemo">
        <test-method is-config="true" signature="config()[pri:0, instance:IrfanChoudhury.ExtentReport.ExtentReportDemo@d86a6f]" started-at="2024-08-07T19:45:43 IST" name="config" finished-at="2024-08-07T19:45:44 IST" duration-ms="648" status="PASS">
          <reporter-output>
          </reporter-output>
        </test-method> <!-- config -->
        <test-method signature="initialDemo()[pri:0, instance:IrfanChoudhury.ExtentReport.ExtentReportDemo@d86a6f]" started-at="2024-08-07T19:45:44 IST" name="initialDemo" finished-at="2024-08-07T19:45:57 IST" duration-ms="13888" status="PASS">
          <reporter-output>
          </reporter-output>
        </test-method> <!-- initialDemo -->
      </class> <!-- IrfanChoudhury.ExtentReport.ExtentReportDemo -->
    </test> <!-- Default test -->
  </suite> <!-- Default suite -->
</testng-results>
